<?xml version="1.0" encoding="UTF-8"?>
<!-- Generated by org.testng.reporters.JUnitReportReporter -->
<testsuite hostname="LAPTOP-3UV6SH1O" failures="0" tests="1" name="GeneralStores.PrintCountryNames" time="185.299" errors="0" timestamp="2023-02-10T11:15:43 IST" skipped="0">
  <testcase classname="GeneralStores.PrintCountryNames" name="countryNames" time="185.299"/>
  <system-out>
    <![CDATA[General Store verified]]>
  </system-out>
</testsuite> <!-- GeneralStores.PrintCountryNames -->
